<?xml version="1.0" encoding="UTF-8"?>
<!-- Generated by org.testng.reporters.JUnitReportReporter -->
<testsuite skipped="0" hostname="INDHYDELP011" name="com.planit.aviva.scripts.DateClass" tests="1" failures="0" timestamp="02 May 2017 07:07:26 GMT" time="72.124" errors="0">
  <testcase name="CreateUserDetails" time="72.124" classname="com.planit.aviva.scripts.DateClass"/>
</testsuite> <!-- com.planit.aviva.scripts.DateClass -->
