<?xml version="1.0" encoding="UTF-8"?>
<!-- Generated by org.testng.reporters.JUnitReportReporter -->
<testsuite skipped="0" hostname="INDHYDELP011" name="com.planit.aviva.scripts.Stratbeans_01" tests="1" failures="0" timestamp="02 May 2017 10:18:51 GMT" time="76.679" errors="0">
  <testcase name="CreateUserDetails" time="76.679" classname="com.planit.aviva.scripts.Stratbeans_01"/>
</testsuite> <!-- com.planit.aviva.scripts.Stratbeans_01 -->
